0 silly argv {
0 silly argv   _: [ 'create' ],
0 silly argv   lernaVersion: '6.1.0',
0 silly argv   '$0': '/home/kennys/.yarn/bin/lerna',
0 silly argv   name: 'print-vue'
0 silly argv }
1 notice cli v6.1.0
2 verbose rootPath /home/kennys/Codes/dev/packages/browser-print
3 info versioning independent
4 warn ENOREMOTE No git remote found, skipping repository property
5 error Error: canceled
5 error     at Interface.<anonymous> (/home/kennys/Codes/dev/packages/browser-print/node_modules/read/lib/read.js:66:13)
5 error     at Interface.emit (node:events:513:28)
5 error     at Interface._ttyWrite (node:readline:1085:16)
5 error     at ReadStream.onkeypress (node:readline:291:10)
5 error     at ReadStream.emit (node:events:513:28)
5 error     at emitKeys (node:internal/readline/utils:357:14)
5 error     at emitKeys.next (<anonymous>)
5 error     at ReadStream.onData (node:internal/readline/emitKeypressEvents:61:36)
5 error     at ReadStream.emit (node:events:513:28)
